#
# There is insufficient memory for the Java Runtime Environment to continue.
# Native memory allocation (malloc) failed to allocate 32744 bytes for ChunkPool::allocate
# Possible reasons:
#   The system is out of physical RAM or swap space
#   In 32 bit mode, the process size limit was hit
# Possible solutions:
#   Reduce memory load on the system
#   Increase physical memory or swap space
#   Check if swap backing store is full
#   Use 64 bit Java on a 64 bit OS
#   Decrease Java heap size (-Xmx/-Xms)
#   Decrease number of Java threads
#   Decrease Java thread stack sizes (-Xss)
#   Set larger code cache with -XX:ReservedCodeCacheSize=
# This output file may be truncated or incomplete.
#
#  Out of Memory Error (allocation.cpp:273), pid=10052, tid=0x0000000000001fe0
#
# JRE version: Java(TM) SE Runtime Environment (8.0_92-b14) (build 1.8.0_92-b14)
# Java VM: Java HotSpot(TM) 64-Bit Server VM (25.92-b14 mixed mode windows-amd64 compressed oops)
# Failed to write core dump. Minidumps are not enabled by default on client versions of Windows
#

---------------  T H R E A D  ---------------

Current thread (0x0000000002bad800):  JavaThread "main" [_thread_in_vm, id=8160, stack(0x0000000002a60000,0x0000000002b60000)]

Stack: [0x0000000002a60000,0x0000000002b60000]
[error occurred during error reporting (printing stack bounds), id 0xc0000005]

Native frames: (J=compiled Java code, j=interpreted, Vv=VM code, C=native code)

Java frames: (J=compiled Java code, j=interpreted, Vv=VM code)
j  sun.misc.Unsafe.defineAnonymousClass(Ljava/lang/Class;[B[Ljava/lang/Object;)Ljava/lang/Class;+0
j  java.lang.invoke.InvokerBytecodeGenerator.loadAndInitializeInvokerClass([B[Ljava/lang/Object;)Ljava/lang/Class;+8
j  java.lang.invoke.InvokerBytecodeGenerator.loadMethod([B)Ljava/lang/invoke/MemberName;+6
j  java.lang.invoke.InvokerBytecodeGenerator.generateCustomizedCode(Ljava/lang/invoke/LambdaForm;Ljava/lang/invoke/MethodType;)Ljava/lang/invoke/MemberName;+17
j  java.lang.invoke.LambdaForm.compileToBytecode()Ljava/lang/invoke/MemberName;+65
j  java.lang.invoke.LambdaForm.prepare()V+14
j  java.lang.invoke.MethodHandle.<init>(Ljava/lang/invoke/MethodType;Ljava/lang/invoke/LambdaForm;)V+31
j  java.lang.invoke.DelegatingMethodHandle.<init>(Ljava/lang/invoke/MethodType;Ljava/lang/invoke/MethodHandle;)V+6
j  java.lang.invoke.MethodHandleImpl$IntrinsicMethodHandle.<init>(Ljava/lang/invoke/MethodHandle;Ljava/lang/invoke/MethodHandleImpl$Intrinsic;)V+6
j  java.lang.invoke.MethodHandleImpl.makeIntrinsic(Ljava/lang/invoke/MethodHandle;Ljava/lang/invoke/MethodHandleImpl$Intrinsic;)Ljava/lang/invoke/MethodHandle;+16
j  java.lang.invoke.MethodHandleImpl.makeArrays()[Ljava/lang/invoke/MethodHandle;+35
j  java.lang.invoke.MethodHandleImpl.access$000()[Ljava/lang/invoke/MethodHandle;+0
j  java.lang.invoke.MethodHandleImpl$Lazy.<clinit>()V+5
v  ~StubRoutines::call_stub
j  java.lang.invoke.MethodHandleImpl.varargsArray(I)Ljava/lang/invoke/MethodHandle;+0
j  java.lang.invoke.MethodHandleImpl.varargsArray(Ljava/lang/Class;I)Ljava/lang/invoke/MethodHandle;+121
j  java.lang.invoke.MethodHandle.asCollector(Ljava/lang/Class;I)Ljava/lang/invoke/MethodHandle;+36
j  java.lang.invoke.MethodHandleImpl$AsVarargsCollector.<init>(Ljava/lang/invoke/MethodType;Ljava/lang/invoke/MethodHandle;Ljava/lang/Class;)V+20
j  java.lang.invoke.MethodHandleImpl$AsVarargsCollector.<init>(Ljava/lang/invoke/MethodHandle;Ljava/lang/Class;)V+7
j  java.lang.invoke.MethodHandleImpl.makeVarargsCollector(Ljava/lang/invoke/MethodHandle;Ljava/lang/Class;)Ljava/lang/invoke/MethodHandle;+43
j  java.lang.invoke.MethodHandle.setVarargs(Ljava/lang/invoke/MemberName;)Ljava/lang/invoke/MethodHandle;+26
j  java.lang.invoke.MethodHandles$Lookup.getDirectMethodCommon(BLjava/lang/Class;Ljava/lang/invoke/MemberName;ZZLjava/lang/Class;)Ljava/lang/invoke/MethodHandle;+263
j  java.lang.invoke.MethodHandles$Lookup.getDirectMethod(BLjava/lang/Class;Ljava/lang/invoke/MemberName;Ljava/lang/Class;)Ljava/lang/invoke/MethodHandle;+8
j  java.lang.invoke.MethodHandles$Lookup.findStatic(Ljava/lang/Class;Ljava/lang/String;Ljava/lang/invoke/MethodType;)Ljava/lang/invoke/MethodHandle;+23
j  java.lang.invoke.CallSite.<clinit>()V+35
v  ~StubRoutines::call_stub
j  java.lang.invoke.MethodHandleNatives.linkCallSiteImpl(Ljava/lang/Class;Ljava/lang/invoke/MethodHandle;Ljava/lang/String;Ljava/lang/invoke/MethodType;Ljava/lang/Object;[Ljava/lang/Object;)Ljava/lang/invoke/MemberName;+6
j  java.lang.invoke.MethodHandleNatives.linkCallSite(Ljava/lang/Object;Ljava/lang/Object;Ljava/lang/Object;Ljava/lang/Object;Ljava/lang/Object;[Ljava/lang/Object;)Ljava/lang/invoke/MemberName;+45
v  ~StubRoutines::call_stub
j  java.awt.GraphicsEnvironment.getHeadlessProperty()Z+6
j  java.awt.GraphicsEnvironment.isHeadless()Z+0
j  java.awt.Toolkit.<clinit>()V+47
v  ~StubRoutines::call_stub
j  java.awt.Component.<clinit>()V+93
v  ~StubRoutines::call_stub
j  school.management.system.main.main([Ljava/lang/String;)V+0
v  ~StubRoutines::call_stub

---------------  P R O C E S S  ---------------

Java Threads: ( => current thread )
  0x0000000016cb0800 JavaThread "Service Thread" daemon [_thread_blocked, id=26944, stack(0x0000000017090000,0x0000000017190000)]
  0x0000000015336000 JavaThread "C1 CompilerThread2" daemon [_thread_in_native, id=7884, stack(0x0000000016b90000,0x0000000016c90000)]
  0x0000000015331000 JavaThread "C2 CompilerThread1" daemon [_thread_blocked, id=8708, stack(0x0000000016a90000,0x0000000016b90000)]
  0x000000001532f800 JavaThread "C2 CompilerThread0" daemon [_thread_blocked, id=27164, stack(0x0000000016990000,0x0000000016a90000)]
  0x000000001532d800 JavaThread "Attach Listener" daemon [_thread_blocked, id=26960, stack(0x0000000016890000,0x0000000016990000)]
  0x000000001532c800 JavaThread "Signal Dispatcher" daemon [_thread_blocked, id=15364, stack(0x0000000016790000,0x0000000016890000)]
  0x000000001531a800 JavaThread "Finalizer" daemon [_thread_blocked, id=23016, stack(0x00000000165a0000,0x00000000166a0000)]
  0x0000000002cb2800 JavaThread "Reference Handler" daemon [_thread_blocked, id=10932, stack(0x00000000164a0000,0x00000000165a0000)]
=>0x0000000002bad800 JavaThread "main" [_thread_in_vm, id=8160, stack(0x0000000002a60000,0x0000000002b60000)]

Other Threads:
  0x00000000152f8000 VMThread [stack: 0x00000000163a0000,0x00000000164a0000] [id=12348]
  0x0000000016cde800 WatcherThread [stack: 0x0000000017190000,0x0000000017290000] [id=22416]

VM state:not at safepoint (normal execution)

VM Mutex/Monitor currently owned by a thread: None

Heap:
 PSYoungGen      total 18944K, used 1639K [0x00000000eaf80000, 0x00000000ec480000, 0x0000000100000000)
  eden space 16384K, 10% used [0x00000000eaf80000,0x00000000eb119f18,0x00000000ebf80000)
  from space 2560K, 0% used [0x00000000ec200000,0x00000000ec200000,0x00000000ec480000)
  to   space 2560K, 0% used [0x00000000ebf80000,0x00000000ebf80000,0x00000000ec200000)
 ParOldGen       total 44032K, used 0K [0x00000000c0e00000, 0x00000000c3900000, 0x00000000eaf80000)
  object space 44032K, 0% used [0x00000000c0e00000,0x00000000c0e00000,0x00000000c3900000)
 Metaspace       used 4080K, capacity 4660K, committed 4992K, reserved 1056768K
  class space    used 456K, capacity 523K, committed 640K, reserved 1048576K

Card table byte_map: [0x0000000012080000,0x0000000012280000] byte_map_base: 0x0000000011a79000

Marking Bits: (ParMarkBitMap*) 0x0000000051b464f0
 Begin Bits: [0x00000000127e0000, 0x00000000137a8000)
 End Bits:   [0x00000000137a8000, 0x0000000014770000)

Polling page: 0x0000000002b60000

CodeCache: size=245760Kb used=1267Kb max_used=1278Kb free=244492Kb
 bounds [0x0000000002cc0000, 0x0000000002f30000, 0x0000000011cc0000]
 total_blobs=392 nmethods=128 adapters=177
 compilation: enabled

Compilation events (10 events):
Event: 0.251 Thread 0x0000000015336000  120       1       java.lang.invoke.LambdaForm$Name::index (5 bytes)
Event: 0.251 Thread 0x0000000015336000 nmethod 120 0x0000000002dfb110 code [0x0000000002dfb260, 0x0000000002dfb370]
Event: 0.251 Thread 0x0000000015336000  121       1       sun.invoke.util.Wrapper::basicTypeChar (5 bytes)
Event: 0.251 Thread 0x0000000015336000 nmethod 121 0x0000000002dfb3d0 code [0x0000000002dfb520, 0x0000000002dfb630]
Event: 0.252 Thread 0x0000000015336000  125       3       java.lang.ref.WeakReference::<init> (6 bytes)
Event: 0.252 Thread 0x0000000015336000 nmethod 125 0x0000000002dfbb90 code [0x0000000002dfbd00, 0x0000000002dfbfd0]
Event: 0.252 Thread 0x0000000015336000  126       3       java.lang.invoke.MemberName::isConstructor (7 bytes)
Event: 0.252 Thread 0x0000000015336000 nmethod 126 0x0000000002dfc290 code [0x0000000002dfc400, 0x0000000002dfc670]
Event: 0.252 Thread 0x0000000015336000  128       3       java.lang.invoke.MemberName::getMethodOrFieldType (72 bytes)
Event: 0.255 Thread 0x0000000015331000 nmethod 122 0x0000000002dff690 code [0x0000000002dff7e0, 0x0000000002dff998]

GC Heap History (0 events):
No events

Deoptimization events (0 events):
No events

Internal exceptions (7 events):
Event: 0.057 Thread 0x0000000002bad800 Exception <a 'java/lang/NoSuchMethodError': Method sun.misc.Unsafe.defineClass(Ljava/lang/String;[BII)Ljava/lang/Class; name or signature does not match> (0x00000000eaf87cc0) thrown at [D:\re\workspace\8-2-build-windows-amd64-cygwin\jdk8u92\6642\hotspot\srS8Ÿ}F­?
Event: 0.057 Thread 0x0000000002bad800 Exception <a 'java/lang/NoSuchMethodError': Method sun.misc.Unsafe.prefetchRead(Ljava/lang/Object;J)V name or signature does not match> (0x00000000eaf87fa8) thrown at [D:\re\workspace\8-2-build-windows-amd64-cygwin\jdk8u92\6642\hotspot\src\share\vm\prims\jŠ™_wA\È?
Event: 0.190 Thread 0x0000000002bad800 Exception <a 'java/security/PrivilegedActionException'> (0x00000000eb0171a8) thrown at [D:\re\workspace\8-2-build-windows-amd64-cygwin\jdk8u92\6642\hotspot\src\share\vm\prims\jvm.cpp, line 1386]
Event: 0.190 Thread 0x0000000002bad800 Exception <a 'java/security/PrivilegedActionException'> (0x00000000eb0173b8) thrown at [D:\re\workspace\8-2-build-windows-amd64-cygwin\jdk8u92\6642\hotspot\src\share\vm\prims\jvm.cpp, line 1386]
Event: 0.192 Thread 0x0000000002bad800 Exception <a 'java/security/PrivilegedActionException'> (0x00000000eb01b200) thrown at [D:\re\workspace\8-2-build-windows-amd64-cygwin\jdk8u92\6642\hotspot\src\share\vm\prims\jvm.cpp, line 1386]
Event: 0.192 Thread 0x0000000002bad800 Exception <a 'java/security/PrivilegedActionException'> (0x00000000eb01b410) thrown at [D:\re\workspace\8-2-build-windows-amd64-cygwin\jdk8u92\6642\hotspot\src\share\vm\prims\jvm.cpp, line 1386]
Event: 0.198 Thread 0x0000000002bad800 Exception <a 'java/io/FileNotFoundException'> (0x00000000eb01d638) thrown at [D:\re\workspace\8-2-build-windows-amd64-cygwin\jdk8u92\6642\hotspot\src\share\vm\prims\jni.cpp, line 709]

Events (10 events):
Event: 0.241 loading class java/lang/invoke/MethodHandleImpl$AsVarargsCollector
Event: 0.241 loading class java/lang/invoke/DelegatingMethodHandle
Event: 0.242 loading class java/lang/invoke/DelegatingMethodHandle done
Event: 0.242 loading class java/lang/invoke/MethodHandleImpl$AsVarargsCollector done
Event: 0.242 loading class java/lang/invoke/WrongMethodTypeException
Event: 0.242 loading class java/lang/invoke/WrongMethodTypeException done
Event: 0.246 loading class java/lang/invoke/MethodHandleImpl$Lazy
Event: 0.246 loading class java/lang/invoke/MethodHandleImpl$Lazy done
Event: 0.246 loading class java/lang/invoke/MethodHandleImpl$IntrinsicMethodHandle
Event: 0.246 loading class java/lang/invoke/MethodHandleImpl$IntrinsicMethodHandle done


Dynamic libraries:
0x00007ff77cfd0000 - 0x00007ff77d007000 	C:\Program Files\Java\jdk1.8.0_92\bin\java.exe
0x00007ffe84990000 - 0x00007ffe84b61000 	C:\WINDOWS\SYSTEM32\ntdll.dll
0x00007ffe82760000 - 0x00007ffe8280b000 	C:\WINDOWS\System32\KERNEL32.DLL
0x00007ffe810c0000 - 0x00007ffe812dd000 	C:\WINDOWS\System32\KERNELBASE.dll
0x00007ffe84830000 - 0x00007ffe848d2000 	C:\WINDOWS\System32\ADVAPI32.dll
0x00007ffe82ed0000 - 0x00007ffe82f6e000 	C:\WINDOWS\System32\msvcrt.dll
0x00007ffe82e70000 - 0x00007ffe82ec9000 	C:\WINDOWS\System32\sechost.dll
0x00007ffe831f0000 - 0x00007ffe83311000 	C:\WINDOWS\System32\RPCRT4.dll
0x00007ffe82810000 - 0x00007ffe82975000 	C:\WINDOWS\System32\USER32.dll
0x00007ffe81de0000 - 0x00007ffe81dfe000 	C:\WINDOWS\System32\win32u.dll
0x00007ffe848e0000 - 0x00007ffe84914000 	C:\WINDOWS\System32\GDI32.dll
0x00007ffe80e80000 - 0x00007ffe81002000 	C:\WINDOWS\System32\gdi32full.dll
0x00007ffe79ba0000 - 0x00007ffe79e1a000 	C:\WINDOWS\WinSxS\amd64_microsoft.windows.common-controls_6595b64144ccf1df_6.0.14393.953_none_42151e83c686086b\COMCTL32.dll
0x00007ffe82430000 - 0x00007ffe826f8000 	C:\WINDOWS\System32\combase.dll
0x00007ffe812e0000 - 0x00007ffe813d5000 	C:\WINDOWS\System32\ucrtbase.dll
0x00007ffe81e00000 - 0x00007ffe81e6a000 	C:\WINDOWS\System32\bcryptPrimitives.dll
0x00007ffe81fc0000 - 0x00007ffe81fee000 	C:\WINDOWS\System32\IMM32.DLL
0x00000000529b0000 - 0x0000000052a82000 	C:\Program Files\Java\jdk1.8.0_92\jre\bin\msvcr100.dll
0x0000000051330000 - 0x0000000051bc6000 	C:\Program Files\Java\jdk1.8.0_92\jre\bin\server\jvm.dll
0x00007ffe83080000 - 0x00007ffe83088000 	C:\WINDOWS\System32\PSAPI.DLL
0x00007ffe73250000 - 0x00007ffe73259000 	C:\WINDOWS\SYSTEM32\WSOCK32.dll
0x00007ffe7ef00000 - 0x00007ffe7ef23000 	C:\WINDOWS\SYSTEM32\WINMM.dll
0x00007ffe780c0000 - 0x00007ffe780ca000 	C:\WINDOWS\SYSTEM32\VERSION.dll
0x00007ffe84920000 - 0x00007ffe8498a000 	C:\WINDOWS\System32\WS2_32.dll
0x00007ffe7ee70000 - 0x00007ffe7ee9b000 	C:\WINDOWS\SYSTEM32\WINMMBASE.dll
0x00007ffe81e70000 - 0x00007ffe81eb2000 	C:\WINDOWS\System32\cfgmgr32.dll
0x0000000052960000 - 0x000000005296f000 	C:\Program Files\Java\jdk1.8.0_92\jre\bin\verify.dll
0x0000000052930000 - 0x0000000052959000 	C:\Program Files\Java\jdk1.8.0_92\jre\bin\java.dll
0x0000000052910000 - 0x0000000052926000 	C:\Program Files\Java\jdk1.8.0_92\jre\bin\zip.dll
0x00007ffe83320000 - 0x00007ffe84828000 	C:\WINDOWS\System32\SHELL32.dll
0x00007ffe81530000 - 0x00007ffe81c0a000 	C:\WINDOWS\System32\windows.storage.dll
0x00007ffe80e20000 - 0x00007ffe80e6c000 	C:\WINDOWS\System32\powrprof.dll
0x00007ffe82700000 - 0x00007ffe82752000 	C:\WINDOWS\System32\shlwapi.dll
0x00007ffe80e10000 - 0x00007ffe80e1f000 	C:\WINDOWS\System32\kernel.appcore.dll
0x00007ffe813e0000 - 0x00007ffe81489000 	C:\WINDOWS\System32\shcore.dll
0x00007ffe80df0000 - 0x00007ffe80e04000 	C:\WINDOWS\System32\profapi.dll
0x0000000051190000 - 0x0000000051328000 	C:\Program Files\Java\jdk1.8.0_92\jre\bin\awt.dll
0x00007ffe82150000 - 0x00007ffe8220f000 	C:\WINDOWS\System32\OLEAUT32.dll
0x00007ffe81490000 - 0x00007ffe8152c000 	C:\WINDOWS\System32\msvcp_win.dll

VM Arguments:
jvm_args: -Dfile.encoding=UTF-8 
java_command: school.management.system.main
java_class_path (initial): D:\Jaber\AIUB\New folder\Java\Java Projects\School Managment System\mysql-connector-java-5.1.35-bin.jar;C:\Users\jaber\OneDrive\Documents\NetBeansProjects\School Management System\build\classes
Launcher Type: SUN_STANDARD

Environment Variables:
PATH=C:\WINDOWS\system32;C:\WINDOWS;C:\WINDOWS\System32\Wbem;C:\WINDOWS\System32\WindowsPowerShell\v1.0\;C:\Program Files\Java\jdk1.8.0_92\bin;c:\Program Files\Intel\WiFi\bin\;c:\Program Files\Common Files\Intel\WirelessCommon\;C:\Program Files (x86)\Skype\Phone\;C:\Program Files\Microsoft SQL Server\110\Tools\Binn\;C:\Program Files (x86)\Microsoft SQL Server\100\Tools\Binn\VSShell\Common7\IDE\;C:\Program Files (x86)\Microsoft SQL Server\100\Tools\Binn\;C:\Program Files (x86)\Microsoft SQL Server\100\DTS\Binn\;c:\Program Files\Intel\WiFi\bin\;c:\Program Files\Common Files\Intel\WirelessCommon\;%USERPROFILE%\AppData\Local\Microsoft\WindowsApps;
USERNAME=jaber
OS=Windows_NT
PROCESSOR_IDENTIFIER=Intel64 Family 6 Model 69 Stepping 1, GenuineIntel



---------------  S Y S T E M  ---------------

OS: Windows 10.0 , 64 bit Build 14393 (10.0.14393.0)

CPU:total 4 (2 cores per cpu, 2 threads per core) family 6 model 69 stepping 1, cmov, cx8, fxsr, mmx, sse, sse2, sse3, ssse3, sse4.1, sse4.2, popcnt, avx, avx2, aes, clmul, erms, lzcnt, ht, tsc, tscinvbit, bmi1, bmi2

Memory: 4k page, physical 4129068k(701252k free), swap 13884072k(3480k free)

vm_info: Java HotSpot(TM) 64-Bit Server VM (25.92-b14) for windows-amd64 JRE (1.8.0_92-b14), built on Mar 31 2016 21:03:04 by "java_re" with MS VC++ 10.0 (VS2010)

time: Sun Apr 30 22:41:50 2017
elapsed time: 0 seconds (0d 0h 0m 0s)

