#
# There is insufficient memory for the Java Runtime Environment to continue.
# Native memory allocation (malloc) failed to allocate 1048576 bytes for AllocateHeap
# Possible reasons:
#   The system is out of physical RAM or swap space
#   In 32 bit mode, the process size limit was hit
# Possible solutions:
#   Reduce memory load on the system
#   Increase physical memory or swap space
#   Check if swap backing store is full
#   Use 64 bit Java on a 64 bit OS
#   Decrease Java heap size (-Xmx/-Xms)
#   Decrease number of Java threads
#   Decrease Java thread stack sizes (-Xss)
#   Set larger code cache with -XX:ReservedCodeCacheSize=
# This output file may be truncated or incomplete.
#
#  Out of Memory Error (memory/allocation.inline.hpp:61), pid=6640, tid=0x0000000000002a48
#
# JRE version:  (8.0_92-b14) (build )
# Java VM: Java HotSpot(TM) 64-Bit Server VM (25.92-b14 mixed mode windows-amd64 compressed oops)
# Failed to write core dump. Minidumps are not enabled by default on client versions of Windows
#

---------------  T H R E A D  ---------------

Current thread (0x000000000132d800):  JavaThread "Unknown thread" [_thread_in_vm, id=10824, stack(0x0000000002ad0000,0x0000000002bd0000)]

Stack: [0x0000000002ad0000,0x0000000002bd0000]
[error occurred during error reporting (printing stack bounds), id 0xc0000005]

Native frames: (J=compiled Java code, j=interpreted, Vv=VM code, C=native code)


---------------  P R O C E S S  ---------------

Java Threads: ( => current thread )

Other Threads:

=>0x000000000132d800 (exited) JavaThread "Unknown thread" [_thread_in_vm, id=10824, stack(0x0000000002ad0000,0x0000000002bd0000)]

VM state:not at safepoint (normal execution)

VM Mutex/Monitor currently owned by a thread: None

Heap:
 PSYoungGen      total 18944K, used 327K [0x00000000eaf80000, 0x00000000ec480000, 0x0000000100000000)
  eden space 16384K, 2% used [0x00000000eaf80000,0x00000000eafd1ec8,0x00000000ebf80000)
  from space 2560K, 0% used [0x00000000ec200000,0x00000000ec200000,0x00000000ec480000)
  to   space 2560K, 0% used [0x00000000ebf80000,0x00000000ebf80000,0x00000000ec200000)
 ParOldGen       total 44032K, used 0K [0x00000000c0e00000, 0x00000000c3900000, 0x00000000eaf80000)
  object space 44032K, 0% used [0x00000000c0e00000,0x00000000c0e00000,0x00000000c3900000)
 Metaspace       used 783K, capacity 1092K, committed 1152K, reserved 1060864K
  class space    used 75K, capacity 384K, committed 384K, reserved 1048576K

Card table byte_map: [0x0000000012090000,0x0000000012290000] byte_map_base: 0x0000000011a89000

Marking Bits: (ParMarkBitMap*) 0x0000000051b464f0
 Begin Bits: [0x00000000127f0000, 0x00000000137b8000)
 End Bits:   [0x00000000137b8000, 0x0000000014780000)

Polling page: 0x00000000012f0000

CodeCache: size=245760Kb used=328Kb max_used=328Kb free=245431Kb
 bounds [0x0000000002cd0000, 0x0000000002f40000, 0x0000000011cd0000]
 total_blobs=58 nmethods=0 adapters=38
 compilation: enabled

Compilation events (0 events):
No events

GC Heap History (0 events):
No events

Deoptimization events (0 events):
No events

Internal exceptions (0 events):
No events

Events (10 events):
Event: 0.044 loading class java/lang/Short
Event: 0.044 loading class java/lang/Short done
Event: 0.044 loading class java/lang/Integer
Event: 0.044 loading class java/lang/Integer done
Event: 0.044 loading class java/lang/Long
Event: 0.044 loading class java/lang/Long done
Event: 0.045 loading class java/lang/NullPointerException
Event: 0.045 loading class java/lang/NullPointerException done
Event: 0.045 loading class java/lang/ArithmeticException
Event: 0.045 loading class java/lang/ArithmeticException done


Dynamic libraries:
0x00007ff77cfd0000 - 0x00007ff77d007000 	C:\Program Files\Java\jdk1.8.0_92\bin\java.exe
0x00007ffe84990000 - 0x00007ffe84b61000 	C:\WINDOWS\SYSTEM32\ntdll.dll
0x00007ffe82760000 - 0x00007ffe8280b000 	C:\WINDOWS\System32\KERNEL32.DLL
0x00007ffe810c0000 - 0x00007ffe812dd000 	C:\WINDOWS\System32\KERNELBASE.dll
0x00007ffe84830000 - 0x00007ffe848d2000 	C:\WINDOWS\System32\ADVAPI32.dll
0x00007ffe82ed0000 - 0x00007ffe82f6e000 	C:\WINDOWS\System32\msvcrt.dll
0x00007ffe82e70000 - 0x00007ffe82ec9000 	C:\WINDOWS\System32\sechost.dll
0x00007ffe831f0000 - 0x00007ffe83311000 	C:\WINDOWS\System32\RPCRT4.dll
0x00007ffe82810000 - 0x00007ffe82975000 	C:\WINDOWS\System32\USER32.dll
0x00007ffe81de0000 - 0x00007ffe81dfe000 	C:\WINDOWS\System32\win32u.dll
0x00007ffe848e0000 - 0x00007ffe84914000 	C:\WINDOWS\System32\GDI32.dll
0x00007ffe80e80000 - 0x00007ffe81002000 	C:\WINDOWS\System32\gdi32full.dll
0x00007ffe79ba0000 - 0x00007ffe79e1a000 	C:\WINDOWS\WinSxS\amd64_microsoft.windows.common-controls_6595b64144ccf1df_6.0.14393.953_none_42151e83c686086b\COMCTL32.dll
0x00007ffe82430000 - 0x00007ffe826f8000 	C:\WINDOWS\System32\combase.dll
0x00007ffe812e0000 - 0x00007ffe813d5000 	C:\WINDOWS\System32\ucrtbase.dll
0x00007ffe81e00000 - 0x00007ffe81e6a000 	C:\WINDOWS\System32\bcryptPrimitives.dll
0x00007ffe81fc0000 - 0x00007ffe81fee000 	C:\WINDOWS\System32\IMM32.DLL
0x0000000051250000 - 0x0000000051322000 	C:\Program Files\Java\jdk1.8.0_92\jre\bin\msvcr100.dll
0x0000000051330000 - 0x0000000051bc6000 	C:\Program Files\Java\jdk1.8.0_92\jre\bin\server\jvm.dll
0x00007ffe83080000 - 0x00007ffe83088000 	C:\WINDOWS\System32\PSAPI.DLL
0x00007ffe780c0000 - 0x00007ffe780ca000 	C:\WINDOWS\SYSTEM32\VERSION.dll
0x00007ffe7ef00000 - 0x00007ffe7ef23000 	C:\WINDOWS\SYSTEM32\WINMM.dll
0x00007ffe73250000 - 0x00007ffe73259000 	C:\WINDOWS\SYSTEM32\WSOCK32.dll
0x00007ffe84920000 - 0x00007ffe8498a000 	C:\WINDOWS\System32\WS2_32.dll
0x00007ffe7ee70000 - 0x00007ffe7ee9b000 	C:\WINDOWS\SYSTEM32\WINMMBASE.dll
0x00007ffe81e70000 - 0x00007ffe81eb2000 	C:\WINDOWS\System32\cfgmgr32.dll
0x0000000051200000 - 0x000000005120f000 	C:\Program Files\Java\jdk1.8.0_92\jre\bin\verify.dll
0x00000000511d0000 - 0x00000000511f9000 	C:\Program Files\Java\jdk1.8.0_92\jre\bin\java.dll
0x00000000511b0000 - 0x00000000511c6000 	C:\Program Files\Java\jdk1.8.0_92\jre\bin\zip.dll

VM Arguments:
jvm_args: -Dfile.encoding=UTF-8 
java_command: school.management.system.main
java_class_path (initial): D:\Jaber\AIUB\New folder\Java\Java Projects\School Managment System\mysql-connector-java-5.1.35-bin.jar;C:\Users\jaber\OneDrive\Documents\NetBeansProjects\School Management System\build\classes
Launcher Type: SUN_STANDARD

Environment Variables:
PATH=C:\WINDOWS\system32;C:\WINDOWS;C:\WINDOWS\System32\Wbem;C:\WINDOWS\System32\WindowsPowerShell\v1.0\;C:\Program Files\Java\jdk1.8.0_92\bin;c:\Program Files\Intel\WiFi\bin\;c:\Program Files\Common Files\Intel\WirelessCommon\;C:\Program Files (x86)\Skype\Phone\;C:\Program Files\Microsoft SQL Server\110\Tools\Binn\;C:\Program Files (x86)\Microsoft SQL Server\100\Tools\Binn\VSShell\Common7\IDE\;C:\Program Files (x86)\Microsoft SQL Server\100\Tools\Binn\;C:\Program Files (x86)\Microsoft SQL Server\100\DTS\Binn\;c:\Program Files\Intel\WiFi\bin\;c:\Program Files\Common Files\Intel\WirelessCommon\;%USERPROFILE%\AppData\Local\Microsoft\WindowsApps;
USERNAME=jaber
OS=Windows_NT
PROCESSOR_IDENTIFIER=Intel64 Family 6 Model 69 Stepping 1, GenuineIntel



---------------  S Y S T E M  ---------------

OS: Windows 10.0 , 64 bit Build 14393 (10.0.14393.0)

CPU:total 4 (2 cores per cpu, 2 threads per core) family 6 model 69 stepping 1, cmov, cx8, fxsr, mmx, sse, sse2, sse3, ssse3, sse4.1, sse4.2, popcnt, avx, avx2, aes, clmul, erms, lzcnt, ht, tsc, tscinvbit, bmi1, bmi2

Memory: 4k page, physical 4129068k(807648k free), swap 13884072k(6408k free)

vm_info: Java HotSpot(TM) 64-Bit Server VM (25.92-b14) for windows-amd64 JRE (1.8.0_92-b14), built on Mar 31 2016 21:03:04 by "java_re" with MS VC++ 10.0 (VS2010)

time: Sat Apr 29 19:42:09 2017
elapsed time: 0 seconds (0d 0h 0m 0s)

